<?xml version="1.0" encoding="UTF-8"?>
<!-- Generated by org.testng.reporters.JUnitReportReporter -->
<testsuite hostname="DESKTOP-OL5560M" name="PanCard.Correction.Navigation.FillData_DataDrivenFramework" tests="1" failures="0" timestamp="29 Sep 2018 09:13:27 GMT" time="40.131" errors="0">
  <testcase name="DataDriven" time="40.131" classname="PanCard.Correction.Navigation.FillData_DataDrivenFramework"/>
</testsuite> <!-- PanCard.Correction.Navigation.FillData_DataDrivenFramework -->
