<?xml version="1.0" encoding="UTF-8"?>
<!-- Generated by org.testng.reporters.JUnitReportReporter -->
<testsuite hostname="DESKTOP-OL5560M" name="PanCard.Correction.Navigation.Form" tests="1" failures="0" timestamp="30 Sep 2018 03:33:05 GMT" time="42.469" errors="0">
  <testcase name="FillDetails" time="42.469" classname="PanCard.Correction.Navigation.Form"/>
</testsuite> <!-- PanCard.Correction.Navigation.Form -->
