<?xml version="1.0" encoding="UTF-8"?>
<!-- Generated by org.testng.reporters.JUnitReportReporter -->
<testsuite hostname="DESKTOP-OL5560M" name="PanCard.Correction.Navigation.BrokenLinks" tests="1" failures="0" timestamp="2 Oct 2018 06:54:45 GMT" time="71.412" errors="0">
  <testcase name="BrokenLinksOfPan" time="71.412" classname="PanCard.Correction.Navigation.BrokenLinks"/>
</testsuite> <!-- PanCard.Correction.Navigation.BrokenLinks -->
