<?xml version="1.0" encoding="UTF-8"?>
<!-- Generated by org.testng.reporters.JUnitReportReporter -->
<testsuite hostname="DESKTOP-OL5560M" name="PanCard.Correction.Navigation.FormWithPOM" tests="1" failures="0" timestamp="29 Sep 2018 08:47:10 GMT" time="14.714" errors="0">
  <testcase name="usingPOM" time="14.714" classname="PanCard.Correction.Navigation.FormWithPOM"/>
</testsuite> <!-- PanCard.Correction.Navigation.FormWithPOM -->
