<?xml version="1.0" encoding="UTF-8"?>
<!-- Generated by org.testng.reporters.JUnitReportReporter -->
<testsuite hostname="DESKTOP-OL5560M" name="PanCard.Correction.Navigation.FillData_DataDriven_multipledata" tests="1" failures="0" timestamp="30 Sep 2018 03:34:31 GMT" time="55.064" errors="0">
  <testcase name="DataDrivenTest" time="55.064" classname="PanCard.Correction.Navigation.FillData_DataDriven_multipledata"/>
</testsuite> <!-- PanCard.Correction.Navigation.FillData_DataDriven_multipledata -->
